2025-04-17 13:16:18,618 - INFO - Fetching assets that need price updates...
2025-04-17 13:16:18,618 - INFO - Most recent US market closing time in UTC: 2025-04-16 20:00:00
2025-04-17 13:16:18,618 - INFO - Error fetching assets needing updates: unsupported operand type(s) for -: 'str' and 'datetime.timedelta'
2025-04-17 13:16:18,620 - INFO - Starting update_market_data job...
2025-04-17 13:16:18,620 - INFO - Validating asset names against the holdings table...
2025-04-17 13:16:18,620 - INFO - Asset names to validate: ['AAPL', 'TSLA']
2025-04-17 13:16:18,645 - INFO - Validating asset names against the holdings table...
2025-04-17 13:16:18,645 - INFO - Asset names to validate: ['AAPL', 'TSLA', 'INVALID']
2025-04-17 13:16:18,645 - INFO - Warning: The following asset names do not exist in the holdings table and will be ignored: {'INVALID'}
2025-04-17 13:20:40,866 - INFO - Starting update_market_data job...
2025-04-17 13:20:40,866 - INFO - Validating asset names against the holdings table...
2025-04-17 13:20:40,866 - INFO - Asset names to validate: ['AAPL', 'TSLA']
2025-04-17 13:20:42,939 - INFO - Starting update_market_data job...
2025-04-17 13:20:42,939 - INFO - Validating asset names against the holdings table...
2025-04-17 13:20:42,939 - INFO - Asset names to validate: ['AAPL', 'TSLA']
2025-04-17 13:26:06,230 - INFO - Fetching assets that need price updates...
2025-04-17 13:26:06,230 - INFO - Most recent US market closing time in UTC: 2025-04-16 20:00:00
2025-04-17 13:26:06,234 - INFO - Starting update_market_data job...
2025-04-17 13:26:06,234 - INFO - Validating asset names against the holdings table...
2025-04-17 13:26:06,234 - INFO - Asset names to validate: ['AAPL', 'TSLA']
2025-04-17 13:26:06,237 - INFO - Validating asset names against the holdings table...
2025-04-17 13:26:06,237 - INFO - Asset names to validate: ['AAPL', 'TSLA', 'INVALID']
2025-04-17 13:29:12,852 - INFO - Starting fetch_market_average_data job...
2025-04-17 13:29:12,852 - INFO - Closest US market closing time in UTC: 2025-04-16 20:00:00
2025-04-17 13:29:12,852 - INFO - There are 2 Existing market average data
2025-04-17 13:29:12,852 - INFO - There are 2 index names for market average data
2025-04-17 13:29:12,852 - INFO - All market average data is up-to-date. Using existing data.
2025-04-17 13:29:23,759 - INFO - Starting fetch_market_average_data job...
2025-04-17 13:29:23,759 - INFO - Closest US market closing time in UTC: 2025-04-16 20:00:00
2025-04-17 13:29:23,759 - INFO - There are 2 Existing market average data
2025-04-17 13:29:23,759 - INFO - There are 2 index names for market average data
2025-04-17 13:29:23,759 - INFO - All market average data is up-to-date. Using existing data.
2025-04-17 13:29:32,415 - INFO - Fetching assets that need price updates...
2025-04-17 13:29:32,415 - INFO - Most recent US market closing time in UTC: 2025-04-16 20:00:00
2025-04-17 13:29:32,421 - INFO - Starting update_market_data job...
2025-04-17 13:29:32,421 - INFO - Validating asset names against the holdings table...
2025-04-17 13:29:32,421 - INFO - Asset names to validate: ['AAPL', 'TSLA']
2025-04-17 13:29:32,424 - INFO - Validating asset names against the holdings table...
2025-04-17 13:29:32,424 - INFO - Asset names to validate: ['AAPL', 'TSLA', 'INVALID']
2025-04-17 13:31:13,309 - INFO - Fetching assets that need price updates...
2025-04-17 13:31:13,310 - INFO - Most recent US market closing time in UTC: 2025-04-16 20:00:00
2025-04-17 13:31:13,310 - INFO - Found 2 assets needing updates.
2025-04-17 13:31:13,310 - INFO - Starting update_market_data job...
2025-04-17 13:31:13,311 - INFO - Validating asset names against the holdings table...
2025-04-17 13:31:13,311 - INFO - Asset names to validate: ['AAPL', 'TSLA']
2025-04-17 13:31:13,311 - INFO - Warning: The following asset names do not exist in the holdings table and will be ignored: {'TSLA', 'AAPL'}
2025-04-17 13:31:13,311 - INFO - No valid asset names found. Exiting job.
2025-04-17 13:31:13,313 - INFO - Validating asset names against the holdings table...
2025-04-17 13:31:13,313 - INFO - Asset names to validate: ['AAPL', 'TSLA', 'INVALID']
2025-04-17 13:31:13,313 - INFO - Warning: The following asset names do not exist in the holdings table and will be ignored: {'INVALID'}
2025-04-17 13:34:05,992 - INFO - Fetching assets that need price updates...
2025-04-17 13:34:05,992 - INFO - Most recent US market closing time in UTC: 2025-04-16 20:00:00
2025-04-17 13:34:05,993 - INFO - Found 2 assets needing updates.
2025-04-17 13:34:05,993 - INFO - Starting update_market_data job...
2025-04-17 13:34:05,993 - INFO - Validating asset names against the holdings table...
2025-04-17 13:34:05,993 - INFO - Asset names to validate: ['AAPL', 'TSLA']
2025-04-17 13:34:05,994 - INFO - Warning: The following asset names do not exist in the holdings table and will be ignored: {'TSLA', 'AAPL'}
2025-04-17 13:34:05,994 - INFO - No valid asset names found. Exiting job.
2025-04-17 13:34:05,996 - INFO - Validating asset names against the holdings table...
2025-04-17 13:34:05,996 - INFO - Asset names to validate: ['AAPL', 'TSLA', 'INVALID']
2025-04-17 13:34:05,996 - INFO - Warning: The following asset names do not exist in the holdings table and will be ignored: {'INVALID'}
2025-04-17 13:35:23,852 - INFO - Fetching assets that need price updates...
2025-04-17 13:35:23,853 - INFO - Most recent US market closing time in UTC: 2025-04-16 20:00:00
2025-04-17 13:35:23,853 - INFO - Found 2 assets needing updates.
2025-04-17 13:35:23,854 - INFO - Starting update_market_data job...
2025-04-17 13:35:23,854 - INFO - Validating asset names against the holdings table...
2025-04-17 13:35:23,854 - INFO - Asset names to validate: ['AAPL', 'TSLA']
2025-04-17 13:35:23,854 - INFO - Warning: The following asset names do not exist in the holdings table and will be ignored: {'TSLA', 'AAPL'}
2025-04-17 13:35:23,854 - INFO - No valid asset names found. Exiting job.
2025-04-17 13:35:23,856 - INFO - Validating asset names against the holdings table...
2025-04-17 13:35:23,856 - INFO - Asset names to validate: ['AAPL', 'TSLA', 'INVALID']
2025-04-17 13:35:23,856 - INFO - Warning: The following asset names do not exist in the holdings table and will be ignored: {'INVALID'}
2025-04-17 13:42:59,952 - INFO - Fetching assets that need price updates...
2025-04-17 13:42:59,952 - INFO - Most recent US market closing time in UTC: 2025-04-16 20:00:00
2025-04-17 13:42:59,952 - INFO - Found 2 assets needing updates.
2025-04-17 13:42:59,953 - INFO - Starting update_market_data job...
2025-04-17 13:42:59,953 - INFO - Validating asset names against the holdings table...
2025-04-17 13:42:59,953 - INFO - Asset names to validate: ['AAPL', 'TSLA']
2025-04-17 13:42:59,953 - INFO - Warning: The following asset names do not exist in the holdings table and will be ignored: {'AAPL', 'TSLA'}
2025-04-17 13:42:59,954 - INFO - No valid asset names found. Exiting job.
2025-04-17 13:42:59,956 - INFO - Validating asset names against the holdings table...
2025-04-17 13:42:59,956 - INFO - Asset names to validate: ['AAPL', 'TSLA', 'INVALID']
2025-04-17 13:42:59,956 - INFO - Warning: The following asset names do not exist in the holdings table and will be ignored: {'INVALID'}
2025-04-17 13:43:39,021 - INFO - Fetching assets that need price updates...
2025-04-17 13:43:39,021 - INFO - Most recent US market closing time in UTC: 2025-04-16 20:00:00
2025-04-17 13:43:39,022 - INFO - Found 2 assets needing updates.
2025-04-17 13:43:39,022 - INFO - Starting update_market_data job...
2025-04-17 13:43:39,022 - INFO - Validating asset names against the holdings table...
2025-04-17 13:43:39,022 - INFO - Asset names to validate: ['AAPL', 'TSLA']
2025-04-17 13:43:39,023 - INFO - Warning: The following asset names do not exist in the holdings table and will be ignored: {'AAPL', 'TSLA'}
2025-04-17 13:43:39,023 - INFO - No valid asset names found. Exiting job.
2025-04-17 13:43:39,025 - INFO - Validating asset names against the holdings table...
2025-04-17 13:43:39,025 - INFO - Asset names to validate: ['AAPL', 'TSLA', 'INVALID']
2025-04-17 13:43:39,025 - INFO - Warning: The following asset names do not exist in the holdings table and will be ignored: {'INVALID'}
2025-04-17 13:43:46,926 - INFO - Fetching assets that need price updates...
2025-04-17 13:43:46,926 - INFO - Most recent US market closing time in UTC: 2025-04-16 20:00:00
2025-04-17 13:43:46,927 - INFO - Found 2 assets needing updates.
2025-04-17 13:43:46,927 - INFO - Starting update_market_data job...
2025-04-17 13:43:46,927 - INFO - Validating asset names against the holdings table...
2025-04-17 13:43:46,927 - INFO - Asset names to validate: ['AAPL', 'TSLA']
2025-04-17 13:43:46,928 - INFO - Warning: The following asset names do not exist in the holdings table and will be ignored: {'TSLA', 'AAPL'}
2025-04-17 13:43:46,928 - INFO - No valid asset names found. Exiting job.
2025-04-17 13:43:46,929 - INFO - Starting update_market_data job...
2025-04-17 13:43:46,929 - INFO - Validating asset names against the holdings table...
2025-04-17 13:43:46,929 - INFO - Asset names to validate: ['AAPL', 'TSLA']
2025-04-17 13:43:46,934 - INFO - Validating asset names against the holdings table...
2025-04-17 13:43:46,934 - INFO - Asset names to validate: ['AAPL', 'TSLA', 'INVALID']
2025-04-17 13:43:46,934 - INFO - Warning: The following asset names do not exist in the holdings table and will be ignored: {'INVALID'}
2025-04-17 13:44:08,329 - INFO - Fetching assets that need price updates...
2025-04-17 13:44:08,329 - INFO - Most recent US market closing time in UTC: 2025-04-16 20:00:00
2025-04-17 13:44:08,329 - INFO - Found 2 assets needing updates.
2025-04-17 13:44:08,330 - INFO - Starting update_market_data job...
2025-04-17 13:44:08,330 - INFO - Validating asset names against the holdings table...
2025-04-17 13:44:08,330 - INFO - Asset names to validate: ['AAPL', 'TSLA']
2025-04-17 13:44:08,330 - INFO - Warning: The following asset names do not exist in the holdings table and will be ignored: {'TSLA', 'AAPL'}
2025-04-17 13:44:08,331 - INFO - No valid asset names found. Exiting job.
2025-04-17 13:44:08,333 - INFO - Starting update_market_data job...
2025-04-17 13:44:08,333 - INFO - Validating asset names against the holdings table...
2025-04-17 13:44:08,333 - INFO - Asset names to validate: ['AAPL', 'TSLA']
2025-04-17 13:44:08,337 - INFO - Validating asset names against the holdings table...
2025-04-17 13:44:08,337 - INFO - Asset names to validate: ['AAPL', 'TSLA', 'INVALID']
2025-04-17 13:44:08,337 - INFO - Warning: The following asset names do not exist in the holdings table and will be ignored: {'INVALID'}
2025-04-17 13:45:27,877 - INFO - Fetching assets that need price updates...
2025-04-17 13:45:27,878 - INFO - Most recent US market closing time in UTC: 2025-04-16 20:00:00
2025-04-17 13:45:27,878 - INFO - Found 2 assets needing updates.
2025-04-17 13:45:27,878 - INFO - Starting update_market_data job...
2025-04-17 13:45:27,879 - INFO - Validating asset names against the holdings table...
2025-04-17 13:45:27,879 - INFO - Asset names to validate: ['AAPL', 'TSLA']
2025-04-17 13:45:27,879 - INFO - Warning: The following asset names do not exist in the holdings table and will be ignored: {'AAPL', 'TSLA'}
2025-04-17 13:45:27,879 - INFO - No valid asset names found. Exiting job.
2025-04-17 13:45:27,881 - INFO - Starting update_market_data job...
2025-04-17 13:45:27,881 - INFO - Validating asset names against the holdings table...
2025-04-17 13:45:27,881 - INFO - Asset names to validate: ['AAPL', 'TSLA']
2025-04-17 13:45:27,881 - INFO - Warning: The following asset names do not exist in the holdings table and will be ignored: {'AAPL', 'TSLA'}
2025-04-17 13:45:27,882 - INFO - No valid asset names found. Exiting job.
2025-04-17 13:45:27,882 - INFO - Validating asset names against the holdings table...
2025-04-17 13:45:27,882 - INFO - Asset names to validate: ['AAPL', 'TSLA', 'INVALID']
2025-04-17 13:45:27,882 - INFO - Warning: The following asset names do not exist in the holdings table and will be ignored: {'INVALID'}
2025-04-17 13:52:25,603 - INFO - Fetching assets that need price updates...
2025-04-17 13:52:25,604 - INFO - Most recent US market closing time in UTC: 2025-04-16 20:00:00
2025-04-17 13:52:25,604 - INFO - Found 2 assets needing updates.
2025-04-17 13:52:25,604 - INFO - Starting update_market_data job...
2025-04-17 13:52:25,604 - INFO - Assets needing updates: ['AAPL', 'TSLA']
2025-04-17 13:52:25,605 - INFO - update_market_data job completed successfully.
2025-04-17 13:52:25,605 - INFO - Starting update_market_data job...
2025-04-17 13:52:25,605 - INFO - Error: asset_names must be a list of strings.
2025-04-17 13:52:25,607 - INFO - Starting update_market_data job...
2025-04-17 13:52:25,607 - INFO - No valid asset names found. Exiting job.
2025-04-17 13:52:25,607 - INFO - Validating asset names against the holdings table...
2025-04-17 13:52:25,607 - INFO - Asset names to validate: ['AAPL', 'TSLA', 'INVALID']
2025-04-17 13:52:25,607 - INFO - Warning: The following asset names do not exist in the holdings table and will be ignored: {'INVALID'}
2025-04-17 13:53:12,922 - INFO - Fetching assets that need price updates...
2025-04-17 13:53:12,922 - INFO - Most recent US market closing time in UTC: 2025-04-16 20:00:00
2025-04-17 13:53:12,922 - INFO - Found 2 assets needing updates.
2025-04-17 13:53:12,923 - INFO - Starting update_market_data job...
2025-04-17 13:53:12,923 - INFO - Assets needing updates: ['AAPL', 'TSLA']
2025-04-17 13:53:12,923 - INFO - update_market_data job completed successfully.
2025-04-17 13:53:12,923 - INFO - Starting update_market_data job...
2025-04-17 13:53:12,924 - INFO - Error: asset_names must be a list of strings.
2025-04-17 13:53:12,924 - INFO - Starting update_market_data job...
2025-04-17 13:53:12,924 - INFO - No assets need updates. Exiting job.
2025-04-17 13:53:12,924 - INFO - update_market_data job completed successfully.
2025-04-17 13:53:12,924 - INFO - Starting update_market_data job...
2025-04-17 13:53:12,924 - INFO - No valid asset names found. Exiting job.
2025-04-17 13:53:12,925 - INFO - Validating asset names against the holdings table...
2025-04-17 13:53:12,925 - INFO - Asset names to validate: ['AAPL', 'TSLA', 'INVALID']
2025-04-17 13:53:12,925 - INFO - Warning: The following asset names do not exist in the holdings table and will be ignored: {'INVALID'}
2025-04-17 13:54:51,178 - INFO - Fetching assets that need price updates...
2025-04-17 13:54:51,178 - INFO - Most recent US market closing time in UTC: 2025-04-16 20:00:00
2025-04-17 13:54:51,179 - INFO - Found 2 assets needing updates.
2025-04-17 13:54:51,179 - INFO - Starting update_market_data job...
2025-04-17 13:54:51,179 - INFO - Assets needing updates: ['AAPL', 'TSLA']
2025-04-17 13:54:51,179 - INFO - update_market_data job completed successfully.
2025-04-17 13:54:51,179 - INFO - Starting update_market_data job...
2025-04-17 13:54:51,180 - INFO - Error: asset_names must be a list of strings.
2025-04-17 13:54:51,180 - INFO - Starting update_market_data job...
2025-04-17 13:54:51,180 - INFO - No assets need updates. Exiting job.
2025-04-17 13:54:51,180 - INFO - update_market_data job completed successfully.
2025-04-17 13:54:51,180 - INFO - Starting update_market_data job...
2025-04-17 13:54:51,180 - INFO - No valid asset names found. Exiting job.
2025-04-17 13:54:51,180 - INFO - Validating asset names against the holdings table...
2025-04-17 13:54:51,180 - INFO - Asset names to validate: ['AAPL', 'TSLA', 'INVALID']
2025-04-17 13:54:51,181 - INFO - Warning: The following asset names do not exist in the holdings table and will be ignored: {'INVALID'}
2025-04-17 13:56:21,263 - INFO - Fetching assets that need price updates...
2025-04-17 13:56:21,263 - INFO - Most recent US market closing time in UTC: 2025-04-16 20:00:00
2025-04-17 13:56:21,263 - INFO - Found 2 assets needing updates.
2025-04-17 13:56:21,264 - INFO - Starting update_market_data job...
2025-04-17 13:56:21,264 - INFO - Assets needing updates: ['AAPL', 'TSLA']
2025-04-17 13:56:21,264 - INFO - update_market_data job completed successfully.
2025-04-17 13:56:21,264 - INFO - Starting update_market_data job...
2025-04-17 13:56:21,264 - INFO - Error: asset_names must be a list of strings.
2025-04-17 13:56:21,265 - INFO - Starting update_market_data job...
2025-04-17 13:56:21,265 - INFO - No assets need updates. Exiting job.
2025-04-17 13:56:21,265 - INFO - update_market_data job completed successfully.
2025-04-17 13:56:21,265 - INFO - Starting update_market_data job...
2025-04-17 13:56:21,265 - INFO - No valid asset names found. Exiting job.
2025-04-17 13:56:21,265 - INFO - Validating asset names against the holdings table...
2025-04-17 13:56:21,265 - INFO - Asset names to validate: ['AAPL', 'TSLA', 'INVALID']
2025-04-17 13:56:21,265 - INFO - Warning: The following asset names do not exist in the holdings table and will be ignored: {'INVALID'}
2025-04-17 13:56:28,662 - INFO - Starting fetch_market_average_data job...
2025-04-17 13:56:28,662 - INFO - Closest US market closing time in UTC: 2025-04-16 20:00:00
2025-04-17 13:56:28,662 - INFO - There are 2 Existing market average data
2025-04-17 13:56:28,662 - INFO - There are 2 index names for market average data
2025-04-17 13:56:28,662 - INFO - All market average data is up-to-date. Using existing data.
2025-04-17 13:56:28,662 - INFO - Fetching assets that need price updates...
2025-04-17 13:56:28,662 - INFO - Most recent US market closing time in UTC: 2025-04-16 20:00:00
2025-04-17 13:56:28,663 - INFO - Found 2 assets needing updates.
2025-04-17 13:56:28,663 - INFO - Starting update_market_data job...
2025-04-17 13:56:28,663 - INFO - Assets needing updates: ['AAPL', 'TSLA']
2025-04-17 13:56:28,664 - INFO - update_market_data job completed successfully.
2025-04-17 13:56:28,664 - INFO - Starting update_market_data job...
2025-04-17 13:56:28,664 - INFO - Error: asset_names must be a list of strings.
2025-04-17 13:56:28,664 - INFO - Starting update_market_data job...
2025-04-17 13:56:28,664 - INFO - No assets need updates. Exiting job.
2025-04-17 13:56:28,664 - INFO - update_market_data job completed successfully.
2025-04-17 13:56:28,664 - INFO - Starting update_market_data job...
2025-04-17 13:56:28,664 - INFO - No valid asset names found. Exiting job.
2025-04-17 13:56:28,665 - INFO - Validating asset names against the holdings table...
2025-04-17 13:56:28,665 - INFO - Asset names to validate: ['AAPL', 'TSLA', 'INVALID']
2025-04-17 13:56:28,665 - INFO - Warning: The following asset names do not exist in the holdings table and will be ignored: {'INVALID'}
